生成启动时间为 2015/12/26 22:07:55。
     1>项目“C:\Users\Lenovo\Desktop\calculator\calculator\calculator.vcxproj”在节点 2 上(build 个目标)。
     1>PrepareForBuild:
         正在创建目录“C:\Users\Lenovo\Desktop\calculator\Debug\”。
       InitializeBuildStatus:
         正在创建“Debug\calculator.unsuccessfulbuild”，因为已指定“AlwaysCreate”。
       ClCompile:
         所有输出均为最新。
         所有输出均为最新。
       ResourceCompile:
         所有输出均为最新。
       ManifestResourceCompile:
         所有输出均为最新。
       Link:
         d:\vs\VC\bin\link.exe /ERRORREPORT:PROMPT /OUT:"C:\Users\Lenovo\Desktop\calculator\Debug\calculator.exe" /INCREMENTAL /NOLOGO /MANIFEST /ManifestFile:"Debug\calculator.exe.intermediate.manifest" /MANIFESTUAC:"level='asInvoker' uiAccess='false'" /DEBUG /PDB:"C:\Users\Lenovo\Desktop\calculator\Debug\calculator.pdb" /SUBSYSTEM:WINDOWS /TLBID:1 /ENTRY:"wWinMainCRTStartup" /DYNAMICBASE /NXCOMPAT /IMPLIB:"C:\Users\Lenovo\Desktop\calculator\Debug\calculator.lib" /MACHINE:X86 Debug\calculator.res
         Debug\calculator.exe.embed.manifest.res
         Debug\calculator.obj
         Debug\calculatorDlg.obj
         Debug\stdafx.obj
       Manifest:
         C:\Program Files (x86)\Microsoft SDKs\Windows\v7.0A\bin\mt.exe /nologo /verbose /out:"Debug\calculator.exe.embed.manifest" /manifest Debug\calculator.exe.intermediate.manifest d:\vs\VC\Include\Manifest\dpiaware.manifest
         所有输出均为最新。
       LinkEmbedManifest:
         所有输出均为最新。
         calculator.vcxproj -> C:\Users\Lenovo\Desktop\calculator\Debug\calculator.exe
       FinalizeBuildStatus:
         正在删除文件“Debug\calculator.unsuccessfulbuild”。
         正在对“Debug\calculator.lastbuildstate”执行 Touch 任务。
     1>已完成生成项目“C:\Users\Lenovo\Desktop\calculator\calculator\calculator.vcxproj”(build 个目标)的操作。

生成成功。

已用时间 00:00:01.65
